<?xml version="1.0" encoding="UTF-8"?>
<testsuite xmlns:xsi="http://www.w3.org/2001/XMLSchema-instance" xsi:noNamespaceSchemaLocation="https://maven.apache.org/surefire/maven-surefire-plugin/xsd/surefire-test-report-3.0.xsd" version="3.0" name="fr.univavignon.pokedex.api.PokedexTest" time="0.191" tests="8" errors="0" skipped="0" failures="0">
  <properties>
[...]
</properties>
  <testcase name="testGetPokemonsSortedByName" classname="fr.univavignon.pokedex.api.PokedexTest" time="0.009"/>
  <testcase name="testSize" classname="fr.univavignon.pokedex.api.PokedexTest" time="0.007"/>
  <testcase name="testCreatePokemon" classname="fr.univavignon.pokedex.api.PokedexTest" time="0.004"/>
  <testcase name="TestAddPokemon" classname="fr.univavignon.pokedex.api.PokedexTest" time="0.004"/>
  <testcase name="testGetPokemon" classname="fr.univavignon.pokedex.api.PokedexTest" time="0.007"/>
  <testcase name="testGetPokemonsSortedByCp" classname="fr.univavignon.pokedex.api.PokedexTest" time="0.004"/>
  <testcase name="testGetPokemonMetadata" classname="fr.univavignon.pokedex.api.PokedexTest" time="0.012"/>
  <testcase name="testGetPokemons" classname="fr.univavignon.pokedex.api.PokedexTest" time="0.027"/>
</testsuite>